make all --print-data-base --no-builtin-variables --no-builtin-rules --question
# GNU Make 4.3
# Built for x86_64-pc-linux-gnu
# Copyright (C) 1988-2020 Free Software Foundation, Inc.
# License GPLv3+: GNU GPL version 3 or later <http://gnu.org/licenses/gpl.html>
# This is free software: you are free to change and redistribute it.
# There is NO WARRANTY, to the extent permitted by law.

# Make data base, printed on Tue Jan 18 13:01:31 2022

# Variables

# makefile (from 'Makefile', line 3)
OBJ = obj
# environment
GDK_BACKEND = x11
# environment
LC_ALL = C
# environment
NO_AT_BRIDGE = 1
# environment
GTK_RC_FILES = /etc/gtk/gtkrc:/home/baltasarq/.gtkrc:/home/baltasarq/.config/gtkrc
# environment
VSCODE_IPC_HOOK_EXTHOST = /run/user/1000/vscode-ipc-6bcd3aa2-6535-470f-82dc-b81c42cd1d86.sock
# environment
LC_NAME = es_ES.UTF-8
# environment
LC_NUMERIC = es_ES.UTF-8
# environment
VSCODE_CWD = /home/baltasarq/bin/vscode
# environment
LC_ADDRESS = es_ES.UTF-8
# default
MAKE_COMMAND := make
# environment
GTK3_MODULES = xapp-gtk3-module
# automatic
@D = $(patsubst %/,%,$(dir $@))
# environment
VSCODE_HANDLES_UNCAUGHT_ERRORS = true
# default
.VARIABLES := 
# environment
PWD = /home/baltasarq/Dropbox/Prys/if/prys/reveni
# automatic
%D = $(patsubst %/,%,$(dir $%))
# environment
LSCOLORS = Gxfxcxdxbxegedabagacad
# environment
MAIL = /var/spool/mail/baltasarq
# environment
OLDPWD = /home/baltasarq/bin/vscode
# automatic
^D = $(patsubst %/,%,$(dir $^))
# environment
VSCODE_LOG_STACK = false
# automatic
%F = $(notdir $%)
# environment
VSCODE_CODE_CACHE_PATH = /home/baltasarq/.config/Code/CachedData/899d46d82c4c95423fb7e10e68eba52050e30ba3
# environment
XDG_SESSION_PATH = /org/freedesktop/DisplayManager/Session1
# environment
LANG = C
# environment
XAUTHORITY = /home/baltasarq/.Xauthority
# default
.LOADED := 
# default
.INCLUDE_DIRS = /usr/include /usr/local/include /usr/include
# makefile
MAKEFLAGS = pqrR
# makefile
CURDIR := /home/baltasarq/Dropbox/Prys/if/prys/reveni
# environment
VSCODE_PIPE_LOGGING = true
# environment
APPLICATION_INSIGHTS_NO_DIAGNOSTIC_CHANNEL = true
# automatic
*D = $(patsubst %/,%,$(dir $*))
# environment
PAM_KWALLET5_LOGIN = /run/user/1000/kwallet5.socket
# environment
MFLAGS = -pqrR
# default
.SHELLFLAGS := -c
# environment
QT_LINUX_ACCESSIBILITY_ALWAYS_ON = 1
# environment
XDG_CONFIG_DIRS = /home/baltasarq/.config/kdedefaults:/etc/xdg
# automatic
+D = $(patsubst %/,%,$(dir $+))
# environment
XCURSOR_THEME = breeze_cursors
# environment
XDG_SESSION_DESKTOP = KDE
# environment
VSCODE_CRASH_REPORTER_START_OPTIONS = {"companyName":"Microsoft","productName":"VSCode","submitURL":"appcenter://code?aid=fba07a4d-84bd-4fc8-a125-9640fc8ce171&uid=0d0ccfb7-de0e-4615-9e3c-489fc3bdf129&iid=0d0ccfb7-de0e-4615-9e3c-489fc3bdf129&sid=0d0ccfb7-de0e-4615-9e3c-489fc3bdf129","uploadToServer":true}
# makefile (from 'Makefile', line 1)
MAKEFILE_LIST := Makefile
# automatic
@F = $(notdir $@)
# environment
VSCODE_VERBOSE_LOGGING = true
# environment
VSCODE_PID = 248749
# environment
XDG_SESSION_TYPE = x11
# automatic
?D = $(patsubst %/,%,$(dir $?))
# environment
SESSION_MANAGER = local/baltasarq-um700:@/tmp/.ICE-unix/1061,unix/baltasarq-um700:/tmp/.ICE-unix/1061
# automatic
*F = $(notdir $*)
# environment
CHROME_DESKTOP = code-url-handler.desktop
# environment
DBUS_SESSION_BUS_ADDRESS = unix:path=/run/user/1000/bus
# automatic
<D = $(patsubst %/,%,$(dir $<))
# makefile (from 'Makefile', line 4)
EXEC = reveni
# environment
VSCODE_NLS_CONFIG = {"locale":"en-us","availableLanguages":{},"_languagePackSupport":true}
# environment
BREAKPAD_DUMP_LOCATION = /home/baltasarq/.config/Code/exthost Crash Reports
# environment
ANDROID_SDK_ROOT = /home/baltasarq/bin/android-sdk/
# default
MAKE_HOST := x86_64-pc-linux-gnu
# environment
ANDROID_HOME = /home/baltasarq/bin/android-sdk/
# makefile
SHELL = /bin/sh
# default
MAKECMDGOALS := all
# environment
SHLVL = 0
# environment
MAKELEVEL := 0
# default
MAKE = $(MAKE_COMMAND)
# environment
PATH = /home/baltasarq/.local/bin:/home/baltasarq/.local/bin:/usr/local/sbin:/usr/local/bin:/usr/bin:/usr/lib/jvm/default/bin:/usr/bin/site_perl:/usr/bin/vendor_perl:/usr/bin/core_perl:/usr/lib/jvm/default/bin:/home/baltasarq/bin/dotnet:/home/baltasarq/bin/node/bin
# default
MAKEFILES := 
# environment
LC_MONETARY = es_ES.UTF-8
# environment
MOTD_SHOWN = pam
# automatic
^F = $(notdir $^)
# environment
LC_TIME = es_ES.UTF-8
# environment
VSCODE_LOG_NATIVE = false
# environment
LC_TELEPHONE = es_ES.UTF-8
# automatic
?F = $(notdir $?)
# environment
KDE_APPLICATIONS_AS_SCOPE = 1
# environment
XDG_SEAT = seat0
# environment
XDG_CURRENT_DESKTOP = KDE
# environment
LS_COLORS = 
# automatic
+F = $(notdir $+)
# environment
XDG_SEAT_PATH = /org/freedesktop/DisplayManager/Seat0
# environment
LESS = -R
# environment
DESKTOP_SESSION = plasma
# environment
ORIGINAL_XDG_CURRENT_DESKTOP = KDE
# 'override' directive
GNUMAKEFLAGS := 
# environment
LOGNAME = baltasarq
# environment
XDG_VTNR = 1
# makefile
.DEFAULT_GOAL := all
# environment
SYSTEMD_EXEC_PID = 953
# environment
EDITOR = /usr/bin/nano
# environment
DISPLAY = :0
# environment
GTK_MODULES = canberra-gtk-module
# environment
USER = baltasarq
# default
MAKE_VERSION := 4.3
# environment
KDE_SESSION_UID = 1000
# environment
LC_MEASUREMENT = es_ES.UTF-8
# environment
PAGER = less
# environment
_ = /usr/bin/make
# environment
LC_PAPER = es_ES.UTF-8
# environment
XDG_RUNTIME_DIR = /run/user/1000
# makefile (from 'Makefile', line 2)
CFLAGS = +zx -O3
# environment
LC_CTYPE = 
# environment
VISUAL = /home/baltasarq/bin/vscode/code
# environment
XDG_SESSION_CLASS = user
# environment
VSCODE_AMD_ENTRYPOINT = vs/workbench/services/extensions/node/extensionHostProcess
# environment
GTK2_RC_FILES = /etc/gtk-2.0/gtkrc:/home/baltasarq/.gtkrc-2.0:/home/baltasarq/.config/gtkrc-2.0
# environment
HOME = /home/baltasarq
# environment
ELECTRON_RUN_AS_NODE = 1
# environment
VSCODE_IPC_HOOK = /run/user/1000/vscode-4dd1b9e7-1.63.2-main.sock
# environment
XDG_SESSION_ID = 2
# environment
XCURSOR_SIZE = 24
# default
.RECIPEPREFIX := 
# automatic
<F = $(notdir $<)
# default
SUFFIXES := 
# environment
QT_AUTO_SCREEN_SCALE_FACTOR = 0
# environment
KDE_SESSION_VERSION = 5
# default
.FEATURES := target-specific order-only second-expansion else-if shortest-stem undefine oneshell nocomment grouped-target extra-prereqs archives jobserver output-sync check-symlink guile load
# makefile (from 'Makefile', line 1)
CC = zcc
# environment
KDE_FULL_SESSION = true
# environment
DOTNET_ROOT = /home/baltasarq/bin/dotnet
# environment
LC_IDENTIFICATION = es_ES.UTF-8
# variable set hash-table stats:
# Load=120/1024=12%, Rehash=0, Collisions=11/158=7%

# Pattern-specific Variable Values

# No pattern-specific variable values.

# Directories

# . (device 66305, inode 9175395): 24 files, no impossibilities.

# 24 files, no impossibilities in 1 directories.

# Implicit Rules

# No implicit rules.

# Files

player.o: player.h player.c
#  Implicit rule search has not been done.
#  Modification time never checked.
#  File has not been updated.
#  recipe to execute (from 'Makefile', line 19):
	$(CC) $(CFLAGS) -c player.c -o $(OBJ)/$@

# Not a target:
player.c:
#  Implicit rule search has not been done.
#  Modification time never checked.
#  File has not been updated.

reveni: reveni.c ctrl.o player.o locs.o objs.o cmds.o
#  Implicit rule search has not been done.
#  File does not exist.
#  File has been updated.
 
#  Needs to be updated (-q is set).
# variable set hash-table stats:
# Load=0/32=0%, Rehash=0, Collisions=0/6=0%
#  recipe to execute (from 'Makefile', line 13):
	$(CC) $(CFLAGS) -create-app reveni.c $(OBJ)/ctrl.o  $(OBJ)/player.o  $(OBJ)/locs.o  $(OBJ)/objs.o  $(OBJ)/cmds.o -o$(EXEC) -pragma-define:CLIB_CONIO_NATIVE_COLOUR=1 -pragma-define:CRT_ENABLE_STDIO=0 -pragma-redirect:fputc_cons=fputc_cons_generic -pragma-define:CRT_ORG_CODE=24576

# Not a target:
ctrl.h:
#  Implicit rule search has been done.
#  Last modified 2021-12-23 22:04:55
#  File has been updated.
#  Successfully updated.

# Not a target:
objs.c:
#  Implicit rule search has not been done.
#  Modification time never checked.
#  File has not been updated.

# Not a target:
Makefile:
#  Implicit rule search has been done.
#  Last modified 2022-01-18 12:49:03.27173803
#  File has been updated.
#  Successfully updated.

# Not a target:
reveni.c:
#  Implicit rule search has been done.
#  Last modified 2021-12-29 18:41:24
#  File has been updated.
#  Successfully updated.

cmds.o: cmds.h cmds.c
#  Implicit rule search has not been done.
#  Modification time never checked.
#  File has not been updated.
#  recipe to execute (from 'Makefile', line 28):
	$(CC) $(CFLAGS) -c cmds.c -o $(OBJ)/$@

# Not a target:
locs.h:
#  Implicit rule search has not been done.
#  Modification time never checked.
#  File has not been updated.

clean:
#  Phony target (prerequisite of .PHONY).
#  Implicit rule search has not been done.
#  File does not exist.
#  File has not been updated.
#  recipe to execute (from 'Makefile', line 31):
	$(RM) $(OBJ)/*.o
	$(RM) $(EXEC)
	$(RM) $(EXEC).tap
	$(RM) *.cpc
	$(RM) *.dsk
	$(RM) *.bin
	$(RM) *.def
	$(RM) *.reloc

objs.o: objs.h objs.c
#  Implicit rule search has not been done.
#  Modification time never checked.
#  File has not been updated.
#  recipe to execute (from 'Makefile', line 25):
	$(CC) $(CFLAGS) -c objs.c -o $(OBJ)/$@

# Not a target:
cmds.h:
#  Implicit rule search has not been done.
#  Modification time never checked.
#  File has not been updated.

locs.o: locs.h locs.c
#  Implicit rule search has not been done.
#  Modification time never checked.
#  File has not been updated.
#  recipe to execute (from 'Makefile', line 22):
	$(CC) $(CFLAGS) -c locs.c -o $(OBJ)/$@

# Not a target:
player.h:
#  Implicit rule search has not been done.
#  Modification time never checked.
#  File has not been updated.

# Not a target:
.DEFAULT:
#  Implicit rule search has not been done.
#  Modification time never checked.
#  File has not been updated.

all: reveni
#  Phony target (prerequisite of .PHONY).
#  Command line target.
#  Implicit rule search has not been done.
#  File does not exist.
#  File has been updated.
#  Needs to be updated (-q is set).
# variable set hash-table stats:
# Load=0/32=0%, Rehash=0, Collisions=0/6=0%

run:
#  Phony target (prerequisite of .PHONY).
#  Implicit rule search has not been done.
#  File does not exist.
#  File has not been updated.
#  recipe to execute (from 'Makefile', line 41):
	fuse $(EXEC).tap &

# Not a target:
locs.c:
#  Implicit rule search has not been done.
#  Modification time never checked.
#  File has not been updated.

# Not a target:
ctrl.c:
#  Implicit rule search has been done.
#  Last modified 2022-01-17 21:38:01
#  File has been updated.
#  Successfully updated.

# Not a target:
objs.h:
#  Implicit rule search has not been done.
#  Modification time never checked.
#  File has not been updated.

ctrl.o: ctrl.h ctrl.c
#  Implicit rule search has not been done.
#  Implicit/static pattern stem: ''
#  File does not exist.
#  File has been updated.
#  Needs to be updated (-q is set).
# automatic
# @ := ctrl.o
# automatic
# * := 
# automatic
# < := ctrl.h
# automatic
# + := ctrl.h ctrl.c
# automatic
# % := 
# automatic
# ^ := ctrl.h ctrl.c
# automatic
# ? := ctrl.h ctrl.c
# automatic
# | := 
# variable set hash-table stats:
# Load=8/32=25%, Rehash=0, Collisions=2/15=13%
#  recipe to execute (from 'Makefile', line 16):
	$(CC) $(CFLAGS) -c ctrl.c -o $(OBJ)/$@

# Not a target:
.SUFFIXES:
#  Implicit rule search has not been done.
#  Modification time never checked.
#  File has not been updated.

.PHONY: all clean run
#  Implicit rule search has not been done.
#  Modification time never checked.
#  File has not been updated.

# Not a target:
cmds.c:
#  Implicit rule search has not been done.
#  Modification time never checked.
#  File has not been updated.

# files hash-table stats:
# Load=24/1024=2%, Rehash=0, Collisions=0/64=0%
# VPATH Search Paths

# No 'vpath' search paths.

# No general ('VPATH' variable) search path.

# strcache buffers: 1 (0) / strings = 38 / storage = 292 B / avg = 7 B
# current buf: size = 8162 B / used = 292 B / count = 38 / avg = 7 B

# strcache performance: lookups = 74 / hit rate = 48%
# hash-table stats:
# Load=38/8192=0%, Rehash=0, Collisions=0/74=0%
# Finished Make data base on Tue Jan 18 13:01:31 2022

 
